[debug] [2023-03-02T14:08:59.431Z] ----------------------------------------------------------------------
[debug] [2023-03-02T14:08:59.434Z] Command:       C:\Program Files\nodejs\node.exe C:\Users\Rasheduzzaman\AppData\Roaming\npm\node_modules\firebase-tools\lib\bin\firebase.js deploy
[debug] [2023-03-02T14:08:59.435Z] CLI Version:   11.19.0
[debug] [2023-03-02T14:08:59.435Z] Platform:      win32
[debug] [2023-03-02T14:08:59.436Z] Node Version:  v16.13.2
[debug] [2023-03-02T14:08:59.444Z] Time:          Thu Mar 02 2023 20:08:59 GMT+0600 (Bangladesh Standard Time)
[debug] [2023-03-02T14:08:59.444Z] ----------------------------------------------------------------------
[debug] 
[debug] [2023-03-02T14:08:59.452Z] >>> [apiv2][query] GET https://firebase-public.firebaseio.com/cli.json [none]
[debug] [2023-03-02T14:08:59.603Z] > command requires scopes: ["email","openid","https://www.googleapis.com/auth/cloudplatformprojects.readonly","https://www.googleapis.com/auth/firebase","https://www.googleapis.com/auth/cloud-platform"]
[debug] [2023-03-02T14:08:59.604Z] > authorizing via signed-in user (akteralisha36@gmail.com)
[debug] [2023-03-02T14:08:59.604Z] [iam] checking project luxury-suites-6b69b for permissions ["firebase.projects.get","firebasehosting.sites.update"]
[debug] [2023-03-02T14:08:59.605Z] > refreshing access token with scopes: []
[debug] [2023-03-02T14:08:59.606Z] >>> [apiv2][query] POST https://www.googleapis.com/oauth2/v3/token [none]
[debug] [2023-03-02T14:08:59.607Z] >>> [apiv2][body] POST https://www.googleapis.com/oauth2/v3/token [omitted]
[debug] [2023-03-02T14:08:59.935Z] <<< [apiv2][status] POST https://www.googleapis.com/oauth2/v3/token 200
[debug] [2023-03-02T14:08:59.937Z] <<< [apiv2][body] POST https://www.googleapis.com/oauth2/v3/token [omitted]
[debug] [2023-03-02T14:08:59.959Z] >>> [apiv2][query] POST https://cloudresourcemanager.googleapis.com/v1/projects/luxury-suites-6b69b:testIamPermissions [none]
[debug] [2023-03-02T14:08:59.959Z] >>> [apiv2][(partial)header] POST https://cloudresourcemanager.googleapis.com/v1/projects/luxury-suites-6b69b:testIamPermissions x-goog-quota-user=projects/luxury-suites-6b69b
[debug] [2023-03-02T14:08:59.959Z] >>> [apiv2][body] POST https://cloudresourcemanager.googleapis.com/v1/projects/luxury-suites-6b69b:testIamPermissions {"permissions":["firebase.projects.get","firebasehosting.sites.update"]}
[debug] [2023-03-02T14:09:00.250Z] <<< [apiv2][status] GET https://firebase-public.firebaseio.com/cli.json 200
[debug] [2023-03-02T14:09:00.250Z] <<< [apiv2][body] GET https://firebase-public.firebaseio.com/cli.json {"cloudBuildErrorAfter":1594252800000,"cloudBuildWarnAfter":1590019200000,"defaultNode10After":1594252800000,"minVersion":"3.0.5","node8DeploysDisabledAfter":1613390400000,"node8RuntimeDisabledAfter":1615809600000,"node8WarnAfter":1600128000000}
[debug] [2023-03-02T14:09:01.395Z] <<< [apiv2][status] POST https://cloudresourcemanager.googleapis.com/v1/projects/luxury-suites-6b69b:testIamPermissions 200
[debug] [2023-03-02T14:09:01.396Z] <<< [apiv2][body] POST https://cloudresourcemanager.googleapis.com/v1/projects/luxury-suites-6b69b:testIamPermissions {"permissions":["firebase.projects.get","firebasehosting.sites.update"]}
[debug] [2023-03-02T14:09:01.399Z] >>> [apiv2][query] GET https://firebase.googleapis.com/v1beta1/projects/luxury-suites-6b69b [none]
[debug] [2023-03-02T14:09:02.075Z] <<< [apiv2][status] GET https://firebase.googleapis.com/v1beta1/projects/luxury-suites-6b69b 200
[debug] [2023-03-02T14:09:02.076Z] <<< [apiv2][body] GET https://firebase.googleapis.com/v1beta1/projects/luxury-suites-6b69b {"projectId":"luxury-suites-6b69b","projectNumber":"122986558099","displayName":"luxury-suites","name":"projects/luxury-suites-6b69b","resources":{"hostingSite":"luxury-suites-6b69b"},"state":"ACTIVE","etag":"1_5efefb5b-5ea1-4841-b1f4-fdfc7b0e7eda"}
[info] 
[info] === Deploying to 'luxury-suites-6b69b'...
[info] 
[info] i  deploying hosting 
[debug] [2023-03-02T14:09:02.104Z] >>> [apiv2][query] POST https://firebasehosting.googleapis.com/v1beta1/projects/-/sites/luxury-suites-6b69b/versions [none]
[debug] [2023-03-02T14:09:02.104Z] >>> [apiv2][body] POST https://firebasehosting.googleapis.com/v1beta1/projects/-/sites/luxury-suites-6b69b/versions {"status":"CREATED","labels":{"deployment-tool":"cli-firebase"}}
[debug] [2023-03-02T14:09:03.752Z] <<< [apiv2][status] POST https://firebasehosting.googleapis.com/v1beta1/projects/-/sites/luxury-suites-6b69b/versions 200
[debug] [2023-03-02T14:09:03.753Z] <<< [apiv2][body] POST https://firebasehosting.googleapis.com/v1beta1/projects/-/sites/luxury-suites-6b69b/versions {"name":"projects/122986558099/sites/luxury-suites-6b69b/versions/6262ae3ccb0e7d6e","status":"CREATED","config":{},"labels":{"deployment-tool":"cli-firebase"}}
[info] i  hosting[luxury-suites-6b69b]: beginning deploy... 
[info] i  hosting[luxury-suites-6b69b]: found 17 files in build 
[debug] [2023-03-02T14:09:03.780Z] [hosting] uploading with 200 concurrency
[debug] [2023-03-02T14:09:04.875Z] [hosting] hash cache [YnVpbGQ] stored for 17 files
[debug] [2023-03-02T14:09:04.876Z] [hosting][hash queue][FINAL] {"max":1076,"min":7,"avg":105.76470588235294,"active":0,"complete":17,"success":17,"errored":0,"retried":0,"total":17,"elapsed":1088}
[debug] [2023-03-02T14:09:04.876Z] >>> [apiv2][query] POST https://firebasehosting.googleapis.com/v1beta1/projects/122986558099/sites/luxury-suites-6b69b/versions/6262ae3ccb0e7d6e:populateFiles [none]
[debug] [2023-03-02T14:09:04.876Z] >>> [apiv2][body] POST https://firebasehosting.googleapis.com/v1beta1/projects/122986558099/sites/luxury-suites-6b69b/versions/6262ae3ccb0e7d6e:populateFiles {"files":{"/fake.json":"3af2954b264d4cc02b121da4fc700adf70c741002cc95ef4bc230f538a99c66e","/favicon.ico":"11dc631d401d5b365a50eb2c04a6d3aa0c12022b29a529ddee6d7165683c9c15","/logo192.png":"3ee59515172ee198f3be375979df15ac5345183e656720a381b8872b2a39dc8b","/logo512.png":"ee7e2f3fdb8209c4b6fd7bef6ba50d1b9dba30a25bb5c3126df057e1cb6f5331","/manifest.json":"aff3449bdc238776f5d6d967f19ec491b36aed5fb7f23ccff6500736fd58494a","/robots.txt":"bfe106a3fb878dc83461c86818bf74fc1bdc7f28538ba613cd3e775516ce8b49","/asset-manifest.json":"b089c5830759466afeb11de0c7a33a26dc2914ed256c8851e7c931cb2585e99e","/index.html":"5a080276393fd28dcbd519fdcd46a5f8b31090b90c84a0c7c575f4dc5ab7a6e1","/static/js/787.d9765e3b.chunk.js":"9c801cbec7da7cedb7b9b5626e1b7c06adff8fd19e34bdaef747f8bc92e24574","/static/js/787.d9765e3b.chunk.js.map":"9821fa58437359b535f38756fc0678cf16eec5a1428cd39ce4aa049fcc3276fb","/static/js/main.8d4f0ee1.js.LICENSE.txt":"968a6b2e33af61d5251c6542779a37aa4486496d55cba3f94068e347fad11bfd","/static/css/main.85d8721a.css.map":"24d94b017a1bf112b7d2d3eb2bb8c1ef570caaa6c2be4ebc19e2dab2af9e5b61","/static/media/banner1.2c088a2078efe3ddbd25.jpg":"b3d003e0bc06745d5322ed3cceb511293e124393ed58fefa9d80469b2ae93e97","/static/css/main.85d8721a.css":"16ea3af4dbfa4ae6c71e710b08bbb3ede0563fd758647afcfae0f4c5018305a1","/static/media/colombo_30.4c38ccbcb67a4fb54fce.jpg":"0cf664d8e00efaaf27a15e3b10d3ccf82c107efc8a3aad22f040e949bebbadda","/static/js/main.8d4f0ee1.js":"79317946c15a529bda2b635e1ff08f8d4f7aaec15d33d5a74d1ffbf5f20dd8ea","/static/js/main.8d4f0ee1.js.map":"5293daaa8d87784f27b9df9f6a334a8c189b905889858076faa1cf8b93b8db45"}}
[debug] [2023-03-02T14:09:06.111Z] <<< [apiv2][status] POST https://firebasehosting.googleapis.com/v1beta1/projects/122986558099/sites/luxury-suites-6b69b/versions/6262ae3ccb0e7d6e:populateFiles 200
[debug] [2023-03-02T14:09:06.111Z] <<< [apiv2][body] POST https://firebasehosting.googleapis.com/v1beta1/projects/122986558099/sites/luxury-suites-6b69b/versions/6262ae3ccb0e7d6e:populateFiles {"uploadRequiredHashes":["5a080276393fd28dcbd519fdcd46a5f8b31090b90c84a0c7c575f4dc5ab7a6e1","b3d003e0bc06745d5322ed3cceb511293e124393ed58fefa9d80469b2ae93e97","24d94b017a1bf112b7d2d3eb2bb8c1ef570caaa6c2be4ebc19e2dab2af9e5b61","5293daaa8d87784f27b9df9f6a334a8c189b905889858076faa1cf8b93b8db45","968a6b2e33af61d5251c6542779a37aa4486496d55cba3f94068e347fad11bfd","79317946c15a529bda2b635e1ff08f8d4f7aaec15d33d5a74d1ffbf5f20dd8ea","b089c5830759466afeb11de0c7a33a26dc2914ed256c8851e7c931cb2585e99e","16ea3af4dbfa4ae6c71e710b08bbb3ede0563fd758647afcfae0f4c5018305a1","0cf664d8e00efaaf27a15e3b10d3ccf82c107efc8a3aad22f040e949bebbadda"],"uploadUrl":"https://upload-firebasehosting.googleapis.com/upload/sites/luxury-suites-6b69b/versions/6262ae3ccb0e7d6e/files"}
[debug] [2023-03-02T14:09:06.116Z] >>> [apiv2][query] POST https://upload-firebasehosting.googleapis.com/upload/sites/luxury-suites-6b69b/versions/6262ae3ccb0e7d6e/files/5a080276393fd28dcbd519fdcd46a5f8b31090b90c84a0c7c575f4dc5ab7a6e1 [none]
[debug] [2023-03-02T14:09:06.116Z] >>> [apiv2][body] POST https://upload-firebasehosting.googleapis.com/upload/sites/luxury-suites-6b69b/versions/6262ae3ccb0e7d6e/files/5a080276393fd28dcbd519fdcd46a5f8b31090b90c84a0c7c575f4dc5ab7a6e1 [stream]
[debug] [2023-03-02T14:09:06.118Z] >>> [apiv2][query] POST https://upload-firebasehosting.googleapis.com/upload/sites/luxury-suites-6b69b/versions/6262ae3ccb0e7d6e/files/b3d003e0bc06745d5322ed3cceb511293e124393ed58fefa9d80469b2ae93e97 [none]
[debug] [2023-03-02T14:09:06.118Z] >>> [apiv2][body] POST https://upload-firebasehosting.googleapis.com/upload/sites/luxury-suites-6b69b/versions/6262ae3ccb0e7d6e/files/b3d003e0bc06745d5322ed3cceb511293e124393ed58fefa9d80469b2ae93e97 [stream]
[debug] [2023-03-02T14:09:06.120Z] >>> [apiv2][query] POST https://upload-firebasehosting.googleapis.com/upload/sites/luxury-suites-6b69b/versions/6262ae3ccb0e7d6e/files/24d94b017a1bf112b7d2d3eb2bb8c1ef570caaa6c2be4ebc19e2dab2af9e5b61 [none]
[debug] [2023-03-02T14:09:06.121Z] >>> [apiv2][body] POST https://upload-firebasehosting.googleapis.com/upload/sites/luxury-suites-6b69b/versions/6262ae3ccb0e7d6e/files/24d94b017a1bf112b7d2d3eb2bb8c1ef570caaa6c2be4ebc19e2dab2af9e5b61 [stream]
[debug] [2023-03-02T14:09:06.123Z] >>> [apiv2][query] POST https://upload-firebasehosting.googleapis.com/upload/sites/luxury-suites-6b69b/versions/6262ae3ccb0e7d6e/files/5293daaa8d87784f27b9df9f6a334a8c189b905889858076faa1cf8b93b8db45 [none]
[debug] [2023-03-02T14:09:06.123Z] >>> [apiv2][body] POST https://upload-firebasehosting.googleapis.com/upload/sites/luxury-suites-6b69b/versions/6262ae3ccb0e7d6e/files/5293daaa8d87784f27b9df9f6a334a8c189b905889858076faa1cf8b93b8db45 [stream]
[debug] [2023-03-02T14:09:06.125Z] >>> [apiv2][query] POST https://upload-firebasehosting.googleapis.com/upload/sites/luxury-suites-6b69b/versions/6262ae3ccb0e7d6e/files/968a6b2e33af61d5251c6542779a37aa4486496d55cba3f94068e347fad11bfd [none]
[debug] [2023-03-02T14:09:06.125Z] >>> [apiv2][body] POST https://upload-firebasehosting.googleapis.com/upload/sites/luxury-suites-6b69b/versions/6262ae3ccb0e7d6e/files/968a6b2e33af61d5251c6542779a37aa4486496d55cba3f94068e347fad11bfd [stream]
[debug] [2023-03-02T14:09:06.127Z] >>> [apiv2][query] POST https://upload-firebasehosting.googleapis.com/upload/sites/luxury-suites-6b69b/versions/6262ae3ccb0e7d6e/files/79317946c15a529bda2b635e1ff08f8d4f7aaec15d33d5a74d1ffbf5f20dd8ea [none]
[debug] [2023-03-02T14:09:06.127Z] >>> [apiv2][body] POST https://upload-firebasehosting.googleapis.com/upload/sites/luxury-suites-6b69b/versions/6262ae3ccb0e7d6e/files/79317946c15a529bda2b635e1ff08f8d4f7aaec15d33d5a74d1ffbf5f20dd8ea [stream]
[debug] [2023-03-02T14:09:06.130Z] >>> [apiv2][query] POST https://upload-firebasehosting.googleapis.com/upload/sites/luxury-suites-6b69b/versions/6262ae3ccb0e7d6e/files/b089c5830759466afeb11de0c7a33a26dc2914ed256c8851e7c931cb2585e99e [none]
[debug] [2023-03-02T14:09:06.130Z] >>> [apiv2][body] POST https://upload-firebasehosting.googleapis.com/upload/sites/luxury-suites-6b69b/versions/6262ae3ccb0e7d6e/files/b089c5830759466afeb11de0c7a33a26dc2914ed256c8851e7c931cb2585e99e [stream]
[debug] [2023-03-02T14:09:06.133Z] >>> [apiv2][query] POST https://upload-firebasehosting.googleapis.com/upload/sites/luxury-suites-6b69b/versions/6262ae3ccb0e7d6e/files/16ea3af4dbfa4ae6c71e710b08bbb3ede0563fd758647afcfae0f4c5018305a1 [none]
[debug] [2023-03-02T14:09:06.134Z] >>> [apiv2][body] POST https://upload-firebasehosting.googleapis.com/upload/sites/luxury-suites-6b69b/versions/6262ae3ccb0e7d6e/files/16ea3af4dbfa4ae6c71e710b08bbb3ede0563fd758647afcfae0f4c5018305a1 [stream]
[debug] [2023-03-02T14:09:06.137Z] >>> [apiv2][query] POST https://upload-firebasehosting.googleapis.com/upload/sites/luxury-suites-6b69b/versions/6262ae3ccb0e7d6e/files/0cf664d8e00efaaf27a15e3b10d3ccf82c107efc8a3aad22f040e949bebbadda [none]
[debug] [2023-03-02T14:09:06.138Z] >>> [apiv2][body] POST https://upload-firebasehosting.googleapis.com/upload/sites/luxury-suites-6b69b/versions/6262ae3ccb0e7d6e/files/0cf664d8e00efaaf27a15e3b10d3ccf82c107efc8a3aad22f040e949bebbadda [stream]
[debug] [2023-03-02T14:09:06.140Z] [hosting][populate queue][FINAL] {"max":1242,"min":1242,"avg":1242,"active":0,"complete":1,"success":1,"errored":0,"retried":0,"total":1,"elapsed":1266}
[debug] [2023-03-02T14:09:06.140Z] [hosting] uploads queued: 9
[debug] [2023-03-02T14:09:07.783Z] <<< [apiv2][status] POST https://upload-firebasehosting.googleapis.com/upload/sites/luxury-suites-6b69b/versions/6262ae3ccb0e7d6e/files/b089c5830759466afeb11de0c7a33a26dc2914ed256c8851e7c931cb2585e99e 200
[debug] [2023-03-02T14:09:07.783Z] <<< [apiv2][body] POST https://upload-firebasehosting.googleapis.com/upload/sites/luxury-suites-6b69b/versions/6262ae3ccb0e7d6e/files/b089c5830759466afeb11de0c7a33a26dc2914ed256c8851e7c931cb2585e99e [stream]
[debug] [2023-03-02T14:09:08.375Z] <<< [apiv2][status] POST https://upload-firebasehosting.googleapis.com/upload/sites/luxury-suites-6b69b/versions/6262ae3ccb0e7d6e/files/968a6b2e33af61d5251c6542779a37aa4486496d55cba3f94068e347fad11bfd 200
[debug] [2023-03-02T14:09:08.375Z] <<< [apiv2][body] POST https://upload-firebasehosting.googleapis.com/upload/sites/luxury-suites-6b69b/versions/6262ae3ccb0e7d6e/files/968a6b2e33af61d5251c6542779a37aa4486496d55cba3f94068e347fad11bfd [stream]
[debug] [2023-03-02T14:09:08.482Z] <<< [apiv2][status] POST https://upload-firebasehosting.googleapis.com/upload/sites/luxury-suites-6b69b/versions/6262ae3ccb0e7d6e/files/24d94b017a1bf112b7d2d3eb2bb8c1ef570caaa6c2be4ebc19e2dab2af9e5b61 200
[debug] [2023-03-02T14:09:08.482Z] <<< [apiv2][body] POST https://upload-firebasehosting.googleapis.com/upload/sites/luxury-suites-6b69b/versions/6262ae3ccb0e7d6e/files/24d94b017a1bf112b7d2d3eb2bb8c1ef570caaa6c2be4ebc19e2dab2af9e5b61 [stream]
[debug] [2023-03-02T14:09:08.569Z] <<< [apiv2][status] POST https://upload-firebasehosting.googleapis.com/upload/sites/luxury-suites-6b69b/versions/6262ae3ccb0e7d6e/files/16ea3af4dbfa4ae6c71e710b08bbb3ede0563fd758647afcfae0f4c5018305a1 200
[debug] [2023-03-02T14:09:08.569Z] <<< [apiv2][body] POST https://upload-firebasehosting.googleapis.com/upload/sites/luxury-suites-6b69b/versions/6262ae3ccb0e7d6e/files/16ea3af4dbfa4ae6c71e710b08bbb3ede0563fd758647afcfae0f4c5018305a1 [stream]
[debug] [2023-03-02T14:09:08.733Z] <<< [apiv2][status] POST https://upload-firebasehosting.googleapis.com/upload/sites/luxury-suites-6b69b/versions/6262ae3ccb0e7d6e/files/79317946c15a529bda2b635e1ff08f8d4f7aaec15d33d5a74d1ffbf5f20dd8ea 200
[debug] [2023-03-02T14:09:08.733Z] <<< [apiv2][body] POST https://upload-firebasehosting.googleapis.com/upload/sites/luxury-suites-6b69b/versions/6262ae3ccb0e7d6e/files/79317946c15a529bda2b635e1ff08f8d4f7aaec15d33d5a74d1ffbf5f20dd8ea [stream]
[debug] [2023-03-02T14:09:08.893Z] <<< [apiv2][status] POST https://upload-firebasehosting.googleapis.com/upload/sites/luxury-suites-6b69b/versions/6262ae3ccb0e7d6e/files/b3d003e0bc06745d5322ed3cceb511293e124393ed58fefa9d80469b2ae93e97 200
[debug] [2023-03-02T14:09:08.894Z] <<< [apiv2][body] POST https://upload-firebasehosting.googleapis.com/upload/sites/luxury-suites-6b69b/versions/6262ae3ccb0e7d6e/files/b3d003e0bc06745d5322ed3cceb511293e124393ed58fefa9d80469b2ae93e97 [stream]
[debug] [2023-03-02T14:09:09.006Z] <<< [apiv2][status] POST https://upload-firebasehosting.googleapis.com/upload/sites/luxury-suites-6b69b/versions/6262ae3ccb0e7d6e/files/5a080276393fd28dcbd519fdcd46a5f8b31090b90c84a0c7c575f4dc5ab7a6e1 200
[debug] [2023-03-02T14:09:09.006Z] <<< [apiv2][body] POST https://upload-firebasehosting.googleapis.com/upload/sites/luxury-suites-6b69b/versions/6262ae3ccb0e7d6e/files/5a080276393fd28dcbd519fdcd46a5f8b31090b90c84a0c7c575f4dc5ab7a6e1 [stream]
[debug] [2023-03-02T14:09:10.256Z] <<< [apiv2][status] POST https://upload-firebasehosting.googleapis.com/upload/sites/luxury-suites-6b69b/versions/6262ae3ccb0e7d6e/files/0cf664d8e00efaaf27a15e3b10d3ccf82c107efc8a3aad22f040e949bebbadda 200
[debug] [2023-03-02T14:09:10.256Z] <<< [apiv2][body] POST https://upload-firebasehosting.googleapis.com/upload/sites/luxury-suites-6b69b/versions/6262ae3ccb0e7d6e/files/0cf664d8e00efaaf27a15e3b10d3ccf82c107efc8a3aad22f040e949bebbadda [stream]
[debug] [2023-03-02T14:09:13.413Z] <<< [apiv2][status] POST https://upload-firebasehosting.googleapis.com/upload/sites/luxury-suites-6b69b/versions/6262ae3ccb0e7d6e/files/5293daaa8d87784f27b9df9f6a334a8c189b905889858076faa1cf8b93b8db45 200
[debug] [2023-03-02T14:09:13.414Z] <<< [apiv2][body] POST https://upload-firebasehosting.googleapis.com/upload/sites/luxury-suites-6b69b/versions/6262ae3ccb0e7d6e/files/5293daaa8d87784f27b9df9f6a334a8c189b905889858076faa1cf8b93b8db45 [stream]
[debug] [2023-03-02T14:09:13.415Z] [hosting][upload queue][FINAL] {"max":7300,"min":1668,"avg":3164.8888888888887,"active":0,"complete":9,"success":9,"errored":0,"retried":0,"total":9,"elapsed":7303}
[info] +  hosting[luxury-suites-6b69b]: file upload complete 
[debug] [2023-03-02T14:09:13.421Z] [hosting] deploy completed after 9665ms
[debug] [2023-03-02T14:09:13.434Z] [
  {
    "config": {
      "public": "build",
      "ignore": [
        "firebase.json",
        "**/.*",
        "**/node_modules/**"
      ],
      "rewrites": [
        {
          "source": "**",
          "destination": "/index.html"
        }
      ],
      "site": "luxury-suites-6b69b"
    },
    "version": "projects/122986558099/sites/luxury-suites-6b69b/versions/6262ae3ccb0e7d6e"
  }
]
[info] i  hosting[luxury-suites-6b69b]: finalizing version... 
[debug] [2023-03-02T14:09:13.448Z] >>> [apiv2][query] PATCH https://firebasehosting.googleapis.com/v1beta1/projects/-/sites/luxury-suites-6b69b/versions/6262ae3ccb0e7d6e updateMask=status%2Cconfig
[debug] [2023-03-02T14:09:13.448Z] >>> [apiv2][body] PATCH https://firebasehosting.googleapis.com/v1beta1/projects/-/sites/luxury-suites-6b69b/versions/6262ae3ccb0e7d6e {"status":"FINALIZED","config":{"rewrites":[{"glob":"**","path":"/index.html"}]}}
[debug] [2023-03-02T14:09:14.890Z] <<< [apiv2][status] PATCH https://firebasehosting.googleapis.com/v1beta1/projects/-/sites/luxury-suites-6b69b/versions/6262ae3ccb0e7d6e 200
[debug] [2023-03-02T14:09:14.891Z] <<< [apiv2][body] PATCH https://firebasehosting.googleapis.com/v1beta1/projects/-/sites/luxury-suites-6b69b/versions/6262ae3ccb0e7d6e {"name":"projects/122986558099/sites/luxury-suites-6b69b/versions/6262ae3ccb0e7d6e","status":"FINALIZED","config":{"rewrites":[{"glob":"**","path":"/index.html"}]},"labels":{"deployment-tool":"cli-firebase"},"createTime":"2023-03-02T14:09:03.451153Z","createUser":{"email":"akteralisha36@gmail.com"},"finalizeTime":"2023-03-02T14:09:15.176433Z","finalizeUser":{"email":"akteralisha36@gmail.com"}}
[debug] [2023-03-02T14:09:14.892Z] [hosting] finalized version for luxury-suites-6b69b:[object Object]
[info] +  hosting[luxury-suites-6b69b]: version finalized 
[info] i  hosting[luxury-suites-6b69b]: releasing new version... 
[debug] [2023-03-02T14:09:14.898Z] >>> [apiv2][query] POST https://firebasehosting.googleapis.com/v1beta1/projects/-/sites/luxury-suites-6b69b/channels/live/releases versionName=projects%2F122986558099%2Fsites%2Fluxury-suites-6b69b%2Fversions%2F6262ae3ccb0e7d6e
[debug] [2023-03-02T14:09:14.899Z] >>> [apiv2][body] POST https://firebasehosting.googleapis.com/v1beta1/projects/-/sites/luxury-suites-6b69b/channels/live/releases {}
[debug] [2023-03-02T14:09:16.276Z] <<< [apiv2][status] POST https://firebasehosting.googleapis.com/v1beta1/projects/-/sites/luxury-suites-6b69b/channels/live/releases 200
[debug] [2023-03-02T14:09:16.277Z] <<< [apiv2][body] POST https://firebasehosting.googleapis.com/v1beta1/projects/-/sites/luxury-suites-6b69b/channels/live/releases {"name":"projects/122986558099/sites/luxury-suites-6b69b/channels/live/releases/1677766155858000","version":{"name":"projects/122986558099/sites/luxury-suites-6b69b/versions/6262ae3ccb0e7d6e","status":"FINALIZED","config":{"rewrites":[{"glob":"**","path":"/index.html"}]},"labels":{"deployment-tool":"cli-firebase"},"createTime":"2023-03-02T14:09:03.451153Z","createUser":{"email":"akteralisha36@gmail.com","imageUrl":"https://lh3.googleusercontent.com/a/AGNmyxZvZiRm7yr2HMnguIttC0A1fs5igS7HM_KZyjIM=mo"},"finalizeTime":"2023-03-02T14:09:15.176433Z","finalizeUser":{"email":"akteralisha36@gmail.com","imageUrl":"https://lh3.googleusercontent.com/a/AGNmyxZvZiRm7yr2HMnguIttC0A1fs5igS7HM_KZyjIM=mo"}},"type":"DEPLOY","releaseTime":"2023-03-02T14:09:15.858Z","releaseUser":{"email":"akteralisha36@gmail.com","imageUrl":"https://lh3.googleusercontent.com/a/AGNmyxZvZiRm7yr2HMnguIttC0A1fs5igS7HM_KZyjIM=mo"}}
[debug] [2023-03-02T14:09:16.278Z] [hosting] release: {"name":"projects/122986558099/sites/luxury-suites-6b69b/channels/live/releases/1677766155858000","version":{"name":"projects/122986558099/sites/luxury-suites-6b69b/versions/6262ae3ccb0e7d6e","status":"FINALIZED","config":{"rewrites":[{"glob":"**","path":"/index.html"}]},"labels":{"deployment-tool":"cli-firebase"},"createTime":"2023-03-02T14:09:03.451153Z","createUser":{"email":"akteralisha36@gmail.com","imageUrl":"https://lh3.googleusercontent.com/a/AGNmyxZvZiRm7yr2HMnguIttC0A1fs5igS7HM_KZyjIM=mo"},"finalizeTime":"2023-03-02T14:09:15.176433Z","finalizeUser":{"email":"akteralisha36@gmail.com","imageUrl":"https://lh3.googleusercontent.com/a/AGNmyxZvZiRm7yr2HMnguIttC0A1fs5igS7HM_KZyjIM=mo"}},"type":"DEPLOY","releaseTime":"2023-03-02T14:09:15.858Z","releaseUser":{"email":"akteralisha36@gmail.com","imageUrl":"https://lh3.googleusercontent.com/a/AGNmyxZvZiRm7yr2HMnguIttC0A1fs5igS7HM_KZyjIM=mo"}}
[info] +  hosting[luxury-suites-6b69b]: release complete 
[info] 
[info] +  Deploy complete! 
[info] 
[info] Project Console: https://console.firebase.google.com/project/luxury-suites-6b69b/overview
[info] Hosting URL: https://luxury-suites-6b69b.web.app
[debug] [2023-03-02T14:09:21.679Z] Error: Timed out.
    at Timeout._onTimeout (C:\Users\Rasheduzzaman\AppData\Roaming\npm\node_modules\firebase-tools\lib\utils.js:253:49)
    at listOnTimeout (node:internal/timers:557:17)
    at processTimers (node:internal/timers:500:7)
[error] 
[error] Error: An unexpected error has occurred.
